[debug] [2023-02-14T13:32:25.746Z] ----------------------------------------------------------------------
[debug] [2023-02-14T13:32:25.750Z] Command:       /usr/local/bin/node /usr/local/bin/firebase init
[debug] [2023-02-14T13:32:25.751Z] CLI Version:   11.22.0
[debug] [2023-02-14T13:32:25.751Z] Platform:      darwin
[debug] [2023-02-14T13:32:25.751Z] Node Version:  v18.12.1
[debug] [2023-02-14T13:32:25.759Z] Time:          Tue Feb 14 2023 16:32:25 GMT+0300 (East Africa Time)
[debug] [2023-02-14T13:32:25.759Z] ----------------------------------------------------------------------
[debug] 
[debug] [2023-02-14T13:32:25.773Z] > command requires scopes: ["email","openid","https://www.googleapis.com/auth/cloudplatformprojects.readonly","https://www.googleapis.com/auth/firebase","https://www.googleapis.com/auth/cloud-platform"]
[debug] [2023-02-14T13:32:25.775Z] > authorizing via signed-in user (danielkaranja65@gmail.com)
[info] 
     ######## #### ########  ######## ########     ###     ######  ########
     ##        ##  ##     ## ##       ##     ##  ##   ##  ##       ##
     ######    ##  ########  ######   ########  #########  ######  ######
     ##        ##  ##    ##  ##       ##     ## ##     ##       ## ##
     ##       #### ##     ## ######## ########  ##     ##  ######  ########

You're about to initialize a Firebase project in this directory:

  /Users/user/Documents/React/firebase-react-projects/firebase-course

[info] 
=== Project Setup
[info] 
[info] First, let's associate this project directory with a Firebase project.
[info] You can create multiple project aliases by running firebase use --add, 
[info] but for now we'll just set up a default project.
[info] 
[debug] [2023-02-14T13:34:06.330Z] >>> [apiv2][query] GET https://firebase.googleapis.com/v1beta1/projects pageSize=100
[debug] [2023-02-14T13:34:07.306Z] <<< [apiv2][status] GET https://firebase.googleapis.com/v1beta1/projects 200
[debug] [2023-02-14T13:34:07.306Z] <<< [apiv2][body] GET https://firebase.googleapis.com/v1beta1/projects [omitted]
[info] i  Using project fir-course-57064 (firebase-course) 
[info] 
=== Hosting Setup
[info] 
[info] Your public directory is the folder (relative to your project directory) that
[info] will contain Hosting assets to be uploaded with firebase deploy. If you
[info] have a build process for your assets, use your build's output directory.
[info] 
[info] ✔  Wrote public/404.html 
[debug] [2023-02-14T13:35:33.485Z] >>> [apiv2][query] GET https://www.gstatic.com/firebasejs/releases.json [none]
[debug] [2023-02-14T13:35:33.917Z] <<< [apiv2][status] GET https://www.gstatic.com/firebasejs/releases.json 200
[debug] [2023-02-14T13:35:33.918Z] <<< [apiv2][body] GET https://www.gstatic.com/firebasejs/releases.json {"current":{"version":"9.17.1","browserURL":"https://www.gstatic.com/firebasejs/9.17.1/firebase.js","packageURL":"https://www.gstatic.com/firebasejs/9.17.1/firebase.tgz"},"live":{"version":"9.17","browserURL":"https://www.gstatic.com/firebasejs/live/9.17/firebase.js","packageURL":"https://www.gstatic.com/firebasejs/live/9.17/firebase.tgz"},"components":{"analytics":"https://www.gstatic.com/firebasejs/9.17.1/firebase-analytics.js","app":"https://www.gstatic.com/firebasejs/9.17.1/firebase-app.js","app-check":"https://www.gstatic.com/firebasejs/9.17.1/firebase-app-check.js","auth":"https://www.gstatic.com/firebasejs/9.17.1/firebase-auth.js","auth/cordova":"https://www.gstatic.com/firebasejs/9.17.1/firebase-auth/cordova.js","auth/react-native":"https://www.gstatic.com/firebasejs/9.17.1/firebase-auth/react-native.js","functions":"https://www.gstatic.com/firebasejs/9.17.1/firebase-functions.js","firestore":"https://www.gstatic.com/firebasejs/9.17.1/firebase-firestore.js","firestore/lite":"https://www.gstatic.com/firebasejs/9.17.1/firebase-firestore/lite.js","installations":"https://www.gstatic.com/firebasejs/9.17.1/firebase-installations.js","storage":"https://www.gstatic.com/firebasejs/9.17.1/firebase-storage.js","performance":"https://www.gstatic.com/firebasejs/9.17.1/firebase-performance.js","remote-config":"https://www.gstatic.com/firebasejs/9.17.1/firebase-remote-config.js","messaging":"https://www.gstatic.com/firebasejs/9.17.1/firebase-messaging.js","messaging/sw":"https://www.gstatic.com/firebasejs/9.17.1/firebase-messaging/sw.js","database":"https://www.gstatic.com/firebasejs/9.17.1/firebase-database.js","firestore.memory":"https://www.gstatic.com/firebasejs/9.17.1/firebase-firestore.memory.js"}}
[info] i  Skipping write of public/index.html 
[info] 
[info] i  Detected a .git folder at /Users/user/Documents/React/firebase-react-projects/firebase-course 
[info] i  Authorizing with GitHub to upload your service account to a GitHub repository's secrets store. 
[info] 
[info] Visit this URL on this device to log in:
[info] https://github.com/login/oauth/authorize?client_id=89cf50f02ac6aaed3484&state=826077889&redirect_uri=http%3A%2F%2Flocalhost%3A9005&scope=read%3Auser%20repo%20public_repo
[info] 
[info] Waiting for authentication...
[debug] [2023-02-14T13:36:23.898Z] >>> [apiv2][query] POST https://github.com/login/oauth/access_token [none]
[debug] [2023-02-14T13:36:23.899Z] >>> [apiv2][body] POST https://github.com/login/oauth/access_token [stream]
[debug] [2023-02-14T13:36:24.992Z] <<< [apiv2][status] POST https://github.com/login/oauth/access_token 200
[debug] [2023-02-14T13:36:24.993Z] <<< [apiv2][body] POST https://github.com/login/oauth/access_token {"access_token":"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","token_type":"bearer","scope":"read:user,repo"}
[debug] [2023-02-14T13:36:25.012Z] >>> [apiv2][query] GET https://api.github.com/user [none]
[debug] [2023-02-14T13:36:25.904Z] <<< [apiv2][status] GET https://api.github.com/user 200
[debug] [2023-02-14T13:36:25.904Z] <<< [apiv2][body] GET https://api.github.com/user {"login":"agiradaniel","id":61313029,"node_id":"MDQ6VXNlcjYxMzEzMDI5","avatar_url":"https://avatars.githubusercontent.com/u/61313029?v=4","gravatar_id":"","url":"https://api.github.com/users/agiradaniel","html_url":"https://github.com/agiradaniel","followers_url":"https://api.github.com/users/agiradaniel/followers","following_url":"https://api.github.com/users/agiradaniel/following{/other_user}","gists_url":"https://api.github.com/users/agiradaniel/gists{/gist_id}","starred_url":"https://api.github.com/users/agiradaniel/starred{/owner}{/repo}","subscriptions_url":"https://api.github.com/users/agiradaniel/subscriptions","organizations_url":"https://api.github.com/users/agiradaniel/orgs","repos_url":"https://api.github.com/users/agiradaniel/repos","events_url":"https://api.github.com/users/agiradaniel/events{/privacy}","received_events_url":"https://api.github.com/users/agiradaniel/received_events","type":"User","site_admin":false,"name":"Daniel Karanja","company":null,"blog":"","location":null,"email":null,"hireable":null,"bio":null,"twitter_username":null,"public_repos":16,"public_gists":0,"followers":0,"following":0,"created_at":"2020-02-21T09:53:15Z","updated_at":"2023-01-25T04:24:17Z","private_gists":0,"total_private_repos":2,"owned_private_repos":2,"disk_usage":92401,"collaborators":3,"two_factor_authentication":false,"plan":{"name":"free","space":976562499,"collaborators":0,"private_repos":10000}}
[info] 
[info] ✔  Success! Logged into GitHub as agiradaniel 
[info] 
